nohup: ignoring input
Configuration file: /home/phenomsg/Documents/phenomsg.github.io/_config.yml
To use retry middleware with Faraday v2.0+, install `faraday-retry` gem
            Source: /home/phenomsg/Documents/phenomsg.github.io
       Destination: /home/phenomsg/Documents/phenomsg.github.io/_site
 Incremental build: disabled. Enable with --incremental
      Generating... 
       Jekyll Feed: Generating feed for posts
                    done in 5.638 seconds.
 Auto-regeneration: enabled for '/home/phenomsg/Documents/phenomsg.github.io'
LiveReload address: http://localhost:35729
    Server address: http://localhost:4000/
  Server running... press ctrl-c to stop.
      Regenerating: 1 file(s) changed at 2025-12-27 12:28:40
                    jekyll.log
       Jekyll Feed: Generating feed for posts
                    ...done in 8.956563578 seconds.
                    
      Regenerating: 1 file(s) changed at 2025-12-27 12:28:49
                    jekyll.log
       Jekyll Feed: Generating feed for posts
                    ...done in 4.502273528 seconds.
                    
      Regenerating: 1 file(s) changed at 2025-12-27 12:28:54
                    jekyll.log
       Jekyll Feed: Generating feed for posts
                    ...done in 4.571716458 seconds.
                    
      Regenerating: 1 file(s) changed at 2025-12-27 12:28:58
                    jekyll.log
       Jekyll Feed: Generating feed for posts
                    ...done in 4.405329029 seconds.
                    
      Regenerating: 1 file(s) changed at 2025-12-27 12:29:03
                    jekyll.log
       Jekyll Feed: Generating feed for posts
        LiveReload: Browser connected
                    ...done in 7.072564246 seconds.
                    
      Regenerating: 1 file(s) changed at 2025-12-27 12:29:10
                    jekyll.log
       Jekyll Feed: Generating feed for posts
[2025-12-27 12:29:10] ERROR Errno::ECONNRESET: Connection reset by peer @ io_fillbuf - fd:22 
	/home/phenomsg/Documents/phenomsg.github.io/vendor/bundle/ruby/3.2.0/gems/webrick-1.9.2/lib/webrick/httpserver.rb:82:in `eof?'
	/home/phenomsg/Documents/phenomsg.github.io/vendor/bundle/ruby/3.2.0/gems/webrick-1.9.2/lib/webrick/httpserver.rb:82:in `run'
	/home/phenomsg/Documents/phenomsg.github.io/vendor/bundle/ruby/3.2.0/gems/webrick-1.9.2/lib/webrick/server.rb:309:in `block in start_thread'
                    ...done in 6.469924042 seconds.
                    
      Regenerating: 1 file(s) changed at 2025-12-27 12:29:17
                    jekyll.log
       Jekyll Feed: Generating feed for posts
                    ...done in 7.507395226 seconds.
                    
      Regenerating: 2 file(s) changed at 2025-12-27 12:29:24
                    jekyll.log
                    _data/cv.json
       Jekyll Feed: Generating feed for posts
